<?xml version="1.0" encoding="UTF-8" ?>
<testsuite errors="1" failures="0" hostname="syun-PC" name="MainTest" skipped="0" tests="1" time="0.0" timestamp="2019-03-28T13:05:46">
  <properties>
    <property name="java.vendor" value="Oracle Corporation" />
    <property name="sun.java.launcher" value="SUN_STANDARD" />
    <property name="eclipse.pdebuild.templates" value="C:\pleiades\eclipse\plugins\org.eclipse.pde.build_3.9.300.v20170515-0912\templates" />
    <property name="sun.management.compiler" value="HotSpot 64-Bit Tiered Compilers" />
    <property name="os.name" value="Windows 10" />
    <property name="sun.boot.class.path" value="C:\pleiades\java\8\jre\lib\resources.jar;C:\pleiades\java\8\jre\lib\rt.jar;C:\pleiades\java\8\jre\lib\sunrsasign.jar;C:\pleiades\java\8\jre\lib\jsse.jar;C:\pleiades\java\8\jre\lib\jce.jar;C:\pleiades\java\8\jre\lib\charsets.jar;C:\pleiades\java\8\jre\lib\jfr.jar;C:\pleiades\java\8\jre\classes" />
    <property name="sun.desktop" value="windows" />
    <property name="java.vm.specification.vendor" value="Oracle Corporation" />
    <property name="ant.home" value="C:\pleiades\eclipse\plugins\org.apache.ant_1.10.1.v20170504-0840" />
    <property name="java.runtime.version" value="1.8.0_162-b12" />
    <property name="dir.lib.junit" value="lib\junit" />
    <property name="ant.file.HelloWorldAnt" value="C:\Users\syun\git\HelloWorldAnt\HelloWorldAnt\build.xml" />
    <property name="zipname" value="AntZip" />
    <property name="user.name" value="syun" />
    <property name="src.enc" value="UTF-8" />
    <property name="user.language" value="ja" />
    <property name="sun.boot.library.path" value="C:\pleiades\java\8\jre\bin" />
    <property name="dir.target.resources" value="target/resources" />
    <property name="ant.project.default-target" value="clean" />
    <property name="ant.project.name" value="HelloWorldAnt" />
    <property name="java.version" value="1.8.0_162" />
    <property name="user.timezone" value="" />
    <property name="jarname" value="HelloWorldAnt" />
    <property name="sun.arch.data.model" value="64" />
    <property name="test.src.dir" value="src\test" />
    <property name="ant.file.type.HelloWorldAnt" value="file" />
    <property name="base" value="C:\Users\syun\git\HelloWorldAnt\HelloWorldAnt" />
    <property name="java.endorsed.dirs" value="C:\pleiades\java\8\jre\lib\endorsed" />
    <property name="sun.cpu.isalist" value="amd64" />
    <property name="sun.jnu.encoding" value="MS932" />
    <property name="dir.lib" value="lib" />
    <property name="file.encoding.pkg" value="sun.io" />
    <property name="file.separator" value="\" />
    <property name="java.specification.name" value="Java Platform API Specification" />
    <property name="java.class.version" value="52.0" />
    <property name="user.country" value="JP" />
    <property name="java.home" value="C:\pleiades\java\8\jre" />
    <property name="java.vm.info" value="mixed mode" />
    <property name="ant.file" value="C:\Users\syun\git\HelloWorldAnt\HelloWorldAnt\build.xml" />
    <property name="os.version" value="10.0" />
    <property name="path.separator" value=";" />
    <property name="lib.junit.dir" value="lib\junit" />
    <property name="java.vm.version" value="25.162-b12" />
    <property name="user.variant" value="" />
    <property name="ant.library.dir" value="C:\pleiades\eclipse\plugins\org.apache.ant_1.10.1.v20170504-0840\lib" />
    <property name="java.awt.printerjob" value="sun.awt.windows.WPrinterJob" />
    <property name="lib.servlet.dir" value="lib\servlet" />
    <property name="sun.io.unicode.encoding" value="UnicodeLittle" />
    <property name="dir.target.classes" value="target/classes" />
    <property name="awt.toolkit" value="sun.awt.windows.WToolkit" />
    <property name="user.script" value="" />
    <property name="eclipse.pdebuild.scripts" value="C:\pleiades\eclipse\plugins\org.eclipse.pde.build_3.9.300.v20170515-0912\scripts" />
    <property name="user.home" value="C:\Users\syun" />
    <property name="java.specification.vendor" value="Oracle Corporation" />
    <property name="java.library.path" value="C:\pleiades\java\8\jre\bin;C:\WINDOWS\Sun\Java\bin;C:\WINDOWS\system32;C:\WINDOWS;C:/pleiades/eclipse/jre/bin/../jre/bin/server;C:/pleiades/eclipse/jre/bin/../jre/bin;C:/pleiades/eclipse/jre/bin/../jre/lib/amd64;C:\Python27\;C:\Python27\Scripts;C:\Program Files (x86)\Intel\iCLS Client\;C:\Program Files\Intel\iCLS Client\;C:\ProgramData\Oracle\Java\javapath;C:\Windows\System32;C:\Windows;C:\Windows\System32\wbem;C:\Program Files\Intel\Intel(R) Management Engine Components\DAL;C:\Program Files\Intel\Intel(R) Management Engine Components\IPT;C:\Program Files (x86)\Intel\Intel(R) Management Engine Components\DAL;C:\Program Files (x86)\Intel\Intel(R) Management Engine Components\IPT;C:\Program Files\Intel\WiFi\bin\;C:\Program Files\Common Files\Intel\WirelessCommon\;C:\Program Files\Microsoft SQL Server\110\Tools\Binn\;C:\Program Files\Microsoft SQL Server\120\Tools\Binn\;C:\pleiades\java\8\bin;C:\Windows\System32\WindowsPowerShell\v1.0\;C:\pleiades\java\8\bin\bin;C:\Program Files (x86)\Android\android-sdk\tools;C:\Program Files (x86)\Android\android-sdk\platform-tools;C:\apache-ant-1.9.3\bin;C:\Program Files (x86)\Git\cmd;C:\Program Files\Microsoft\Web Platform Installer\;C:\Program Files (x86)\Microsoft ASP.NET\ASP.NET Web Pages\v1.0\;C:\Users\syun\.dnx\bin;C:\Program Files\Microsoft DNX\Dnvm\;C:\Program Files (x86)\Microsoft SDKs\Azure\CLI\wbin;C:\Program Files (x86)\NVIDIA Corporation\PhysX\Common;C:\Program Files\JPKI;C:\Program Files (x86)\CloudFoundry;C:\Program Files\IBM\Bluemix\bin;C:\Program Files\TortoiseGit\bin;C:\Program Files\Cloud Foundry;C:\Program Files\Microsoft SQL Server\130\Tools\Binn\;C:\WINDOWS\system32;C:\WINDOWS;C:\WINDOWS\System32\Wbem;C:\WINDOWS\System32\WindowsPowerShell\v1.0\;C:\WINDOWS\System32\OpenSSH\;C:\Program Files (x86)\nodejs\;F:\xammp\php;C:\Ruby23-x64\bin;C:\Users\syun\AppData\Roaming\Python\Scripts;C:\Program Files\Intel\WiFi\bin\;C:\Program Files\Common Files\Intel\WirelessCommon\;C:\Program Files (x86)\Google\google_appengine\;C:\Users\syun\AppData\Local\Microsoft\WindowsApps;C:\Program Files (x86)\Java\jre1.8.0_101\bin;C:\Users\syun\AppData\Roaming\npm;C:\pleiades\eclipse;;." />
    <property name="java.vendor.url" value="http://java.oracle.com/" />
    <property name="java.vm.vendor" value="Oracle Corporation" />
    <property name="dir.src" value="src" />
    <property name="java.runtime.name" value="Java(TM) SE Runtime Environment" />
    <property name="sun.java.command" value="org.apache.tools.ant.taskdefs.optional.junit.JUnitTestRunner MainTest skipNonTests=false filtertrace=true haltOnError=false haltOnFailure=false formatter=org.apache.tools.ant.taskdefs.optional.junit.SummaryJUnitResultFormatter showoutput=false outputtoformatters=true logfailedtests=true threadid=0 logtestlistenerevents=false formatter=org.apache.tools.ant.taskdefs.optional.junit.XMLJUnitResultFormatter,C:\Users\syun\git\HelloWorldAnt\HelloWorldAnt\${report.dir}\junit\TEST-MainTest.xml crashfile=C:\Users\syun\git\HelloWorldAnt\HelloWorldAnt\junitvmwatcher5491865123801390094.properties propsfile=C:\Users\syun\git\HelloWorldAnt\HelloWorldAnt\junit413495659050507881.properties" />
    <property name="java.class.path" value="C:\Users\syun\git\HelloWorldAnt\HelloWorldAnt\${test.class.dir};C:\Users\syun\git\HelloWorldAnt\HelloWorldAnt\lib\junit\junit.jar;C:\pleiades\tomcat\6\lib\servlet-api.jar;C:\pleiades\eclipse\plugins\org.apache.ant_1.10.1.v20170504-0840\lib\ant-launcher.jar;C:\pleiades\eclipse\plugins\org.apache.ant_1.10.1.v20170504-0840\lib\ant.jar;C:\pleiades\eclipse\plugins\org.apache.ant_1.10.1.v20170504-0840\lib\ant-junit.jar;C:\pleiades\eclipse\plugins\org.apache.ant_1.10.1.v20170504-0840\lib\ant-junit4.jar" />
    <property name="ant.version" value="Apache Ant(TM) version 1.10.1 compiled on February 2 2017" />
    <property name="dir.target" value="target" />
    <property name="report.junit.dir" value="C:\Users\syun\git\HelloWorldAnt\HelloWorldAnt\${report.dir}\junit" />
    <property name="java.vm.specification.name" value="Java Virtual Machine Specification" />
    <property name="java.vm.specification.version" value="1.8" />
    <property name="sun.cpu.endian" value="little" />
    <property name="sun.os.patch.level" value="" />
    <property name="eclipse.pdebuild.home" value="C:\pleiades\eclipse\plugins\org.eclipse.pde.build_3.9.300.v20170515-0912\." />
    <property name="java.io.tmpdir" value="C:\Users\syun\AppData\Local\Temp\" />
    <property name="java.vendor.url.bug" value="http://bugreport.sun.com/bugreport/" />
    <property name="os.arch" value="amd64" />
    <property name="java.awt.graphicsenv" value="sun.awt.Win32GraphicsEnvironment" />
    <property name="dir.target.dependency" value="target/dependency" />
    <property name="java.ext.dirs" value="C:\pleiades\java\8\jre\lib\ext;C:\WINDOWS\Sun\Java\lib\ext" />
    <property name="user.dir" value="C:\Users\syun\git\HelloWorldAnt\HelloWorldAnt" />
    <property name="line.separator" value="&#xd;&#xa;" />
    <property name="java.vm.name" value="Java HotSpot(TM) 64-Bit Server VM" />
    <property name="basedir" value="C:\Users\syun\git\HelloWorldAnt\HelloWorldAnt" />
    <property name="ant.java.version" value="1.8" />
    <property name="ant.core.lib" value="C:\pleiades\eclipse\plugins\org.apache.ant_1.10.1.v20170504-0840\lib\ant.jar" />
    <property name="file.encoding" value="MS932" />
    <property name="dir.resources" value="resources" />
    <property name="java.specification.version" value="1.8" />
    <property name="ant.project.invoked-targets" value="main" />
  </properties>
  <error message="MainTest" type="java.lang.ClassNotFoundException">java.lang.ClassNotFoundException: MainTest
	at java.net.URLClassLoader.findClass(URLClassLoader.java:381)
	at java.lang.ClassLoader.loadClass(ClassLoader.java:424)
	at sun.misc.Launcher$AppClassLoader.loadClass(Launcher.java:338)
	at java.lang.ClassLoader.loadClass(ClassLoader.java:357)
	at java.lang.Class.forName0(Native Method)
	at java.lang.Class.forName(Class.java:264)
</error>
  <system-out><![CDATA[]]></system-out>
  <system-err><![CDATA[]]></system-err>
</testsuite>
